<?xml version="1.0" encoding="UTF-8"?>
<testng-results ignored="0" total="5" passed="4" failed="1" skipped="0">
  <reporter-output>
  </reporter-output>
  <suite started-at="2019-02-21T00:46:21Z" name="Cars List" finished-at="2019-02-21T00:47:58Z" duration-ms="96780">
    <groups>
    </groups>
    <test started-at="2019-02-21T00:46:21Z" name="CarsList" finished-at="2019-02-21T00:47:58Z" duration-ms="96780">
      <class name="com.cars.qa.testcases.SearchResultsPageTest">
        <test-method is-config="true" signature="setup()[pri:0, instance:com.cars.qa.testcases.SearchResultsPageTest@78fbff54]" started-at="2019-02-21T00:47:08Z" name="setup" finished-at="2019-02-21T00:47:15Z" duration-ms="7028" status="PASS">
          <reporter-output>
          </reporter-output>
        </test-method> <!-- setup -->
        <test-method signature="SearchResultsPageTitleTest()[pri:0, instance:com.cars.qa.testcases.SearchResultsPageTest@78fbff54]" started-at="2019-02-21T00:47:15Z" name="SearchResultsPageTitleTest" finished-at="2019-02-21T00:47:20Z" duration-ms="5668" status="PASS">
          <reporter-output>
          </reporter-output>
        </test-method> <!-- SearchResultsPageTitleTest -->
        <test-method is-config="true" signature="teardown()[pri:0, instance:com.cars.qa.testcases.SearchResultsPageTest@78fbff54]" started-at="2019-02-21T00:47:20Z" name="teardown" finished-at="2019-02-21T00:47:21Z" duration-ms="700" status="PASS">
          <reporter-output>
          </reporter-output>
        </test-method> <!-- teardown -->
        <test-method is-config="true" signature="setup()[pri:0, instance:com.cars.qa.testcases.SearchResultsPageTest@78fbff54]" started-at="2019-02-21T00:47:21Z" name="setup" finished-at="2019-02-21T00:47:27Z" duration-ms="6464" status="PASS">
          <reporter-output>
          </reporter-output>
        </test-method> <!-- setup -->
        <test-method signature="ValidateSecondSearchResultTest()[pri:0, instance:com.cars.qa.testcases.SearchResultsPageTest@78fbff54]" started-at="2019-02-21T00:47:27Z" name="ValidateSecondSearchResultTest" finished-at="2019-02-21T00:47:35Z" duration-ms="7541" status="PASS">
          <reporter-output>
          </reporter-output>
        </test-method> <!-- ValidateSecondSearchResultTest -->
        <test-method is-config="true" signature="teardown()[pri:0, instance:com.cars.qa.testcases.SearchResultsPageTest@78fbff54]" started-at="2019-02-21T00:47:35Z" name="teardown" finished-at="2019-02-21T00:47:36Z" duration-ms="764" status="PASS">
          <reporter-output>
          </reporter-output>
        </test-method> <!-- teardown -->
        <test-method is-config="true" signature="setup()[pri:0, instance:com.cars.qa.testcases.SearchResultsPageTest@78fbff54]" started-at="2019-02-21T00:47:36Z" name="setup" finished-at="2019-02-21T00:47:49Z" duration-ms="13512" status="PASS">
          <reporter-output>
          </reporter-output>
        </test-method> <!-- setup -->
        <test-method signature="clickOnACheckBox()[pri:0, instance:com.cars.qa.testcases.SearchResultsPageTest@78fbff54]" started-at="2019-02-21T00:47:49Z" name="clickOnACheckBox" finished-at="2019-02-21T00:47:57Z" duration-ms="7831" status="FAIL">
          <exception class="org.openqa.selenium.WebDriverException">
            <message>
              <![CDATA[unknown error: Element <li class="checkbox shortlist">...</li> is not clickable at point (355, 467). Other element would receive the click: <div class="filter-overlay"></div>
  (Session info: chrome=72.0.3626.109)
  (Driver info: chromedriver=2.42.591088 (7b2b2dca23cca0862f674758c9a3933e685c27d5),platform=Windows NT 10.0.17134 x86_64) (WARNING: The server did not provide any stacktrace information)
Command duration or timeout: 0 milliseconds
Build info: version: '3.141.0', revision: '2ecb7d9a', time: '2018-10-31T20:09:30'
System info: host: 'DESKTOP-SL4OV3D', ip: '192.168.56.1', os.name: 'Windows 10', os.arch: 'amd64', os.version: '10.0', java.version: '10.0.2'
Driver info: org.openqa.selenium.chrome.ChromeDriver
Capabilities {acceptInsecureCerts: false, acceptSslCerts: false, applicationCacheEnabled: false, browserConnectionEnabled: false, browserName: chrome, chrome: {chromedriverVersion: 2.42.591088 (7b2b2dca23cca0..., userDataDir: C:\Users\santh\AppData\Loca...}, cssSelectorsEnabled: true, databaseEnabled: false, goog:chromeOptions: {debuggerAddress: localhost:54449}, handlesAlerts: true, hasTouchScreen: false, javascriptEnabled: true, locationContextEnabled: true, mobileEmulationEnabled: false, nativeEvents: true, networkConnectionEnabled: false, pageLoadStrategy: normal, platform: XP, platformName: XP, rotatable: false, setWindowRect: true, takesHeapSnapshot: true, takesScreenshot: true, unexpectedAlertBehaviour: , unhandledPromptBehavior: , version: 72.0.3626.109, webStorageEnabled: true}
Session ID: de264d8b5e0415d85d986942d270b57b]]>
            </message>
            <full-stacktrace>
              <![CDATA[org.openqa.selenium.WebDriverException: unknown error: Element <li class="checkbox shortlist">...</li> is not clickable at point (355, 467). Other element would receive the click: <div class="filter-overlay"></div>
  (Session info: chrome=72.0.3626.109)
  (Driver info: chromedriver=2.42.591088 (7b2b2dca23cca0862f674758c9a3933e685c27d5),platform=Windows NT 10.0.17134 x86_64) (WARNING: The server did not provide any stacktrace information)
Command duration or timeout: 0 milliseconds
Build info: version: '3.141.0', revision: '2ecb7d9a', time: '2018-10-31T20:09:30'
System info: host: 'DESKTOP-SL4OV3D', ip: '192.168.56.1', os.name: 'Windows 10', os.arch: 'amd64', os.version: '10.0', java.version: '10.0.2'
Driver info: org.openqa.selenium.chrome.ChromeDriver
Capabilities {acceptInsecureCerts: false, acceptSslCerts: false, applicationCacheEnabled: false, browserConnectionEnabled: false, browserName: chrome, chrome: {chromedriverVersion: 2.42.591088 (7b2b2dca23cca0..., userDataDir: C:\Users\santh\AppData\Loca...}, cssSelectorsEnabled: true, databaseEnabled: false, goog:chromeOptions: {debuggerAddress: localhost:54449}, handlesAlerts: true, hasTouchScreen: false, javascriptEnabled: true, locationContextEnabled: true, mobileEmulationEnabled: false, nativeEvents: true, networkConnectionEnabled: false, pageLoadStrategy: normal, platform: XP, platformName: XP, rotatable: false, setWindowRect: true, takesHeapSnapshot: true, takesScreenshot: true, unexpectedAlertBehaviour: , unhandledPromptBehavior: , version: 72.0.3626.109, webStorageEnabled: true}
Session ID: de264d8b5e0415d85d986942d270b57b
at java.base/jdk.internal.reflect.NativeConstructorAccessorImpl.newInstance0(Native Method)
at java.base/jdk.internal.reflect.NativeConstructorAccessorImpl.newInstance(Unknown Source)
at java.base/jdk.internal.reflect.DelegatingConstructorAccessorImpl.newInstance(Unknown Source)
at java.base/java.lang.reflect.Constructor.newInstance(Unknown Source)
at org.openqa.selenium.remote.ErrorHandler.createThrowable(ErrorHandler.java:214)
at org.openqa.selenium.remote.ErrorHandler.throwIfResponseFailed(ErrorHandler.java:166)
at org.openqa.selenium.remote.http.JsonHttpResponseCodec.reconstructValue(JsonHttpResponseCodec.java:40)
at org.openqa.selenium.remote.http.AbstractHttpResponseCodec.decode(AbstractHttpResponseCodec.java:80)
at org.openqa.selenium.remote.http.AbstractHttpResponseCodec.decode(AbstractHttpResponseCodec.java:44)
at org.openqa.selenium.remote.HttpCommandExecutor.execute(HttpCommandExecutor.java:158)
at org.openqa.selenium.remote.service.DriverCommandExecutor.execute(DriverCommandExecutor.java:83)
at org.openqa.selenium.remote.RemoteWebDriver.execute(RemoteWebDriver.java:552)
at org.openqa.selenium.remote.RemoteWebElement.execute(RemoteWebElement.java:285)
at org.openqa.selenium.remote.RemoteWebElement.click(RemoteWebElement.java:84)
at com.cars.qa.testcases.SearchResultsPageTest.clickOnACheckBox(SearchResultsPageTest.java:66)
at java.base/jdk.internal.reflect.NativeMethodAccessorImpl.invoke0(Native Method)
at java.base/jdk.internal.reflect.NativeMethodAccessorImpl.invoke(Unknown Source)
at java.base/jdk.internal.reflect.DelegatingMethodAccessorImpl.invoke(Unknown Source)
at java.base/java.lang.reflect.Method.invoke(Unknown Source)
at org.testng.internal.MethodInvocationHelper.invokeMethod(MethodInvocationHelper.java:124)
at org.testng.internal.Invoker.invokeMethod(Invoker.java:583)
at org.testng.internal.Invoker.invokeTestMethod(Invoker.java:719)
at org.testng.internal.Invoker.invokeTestMethods(Invoker.java:989)
at org.testng.internal.TestMethodWorker.invokeTestMethods(TestMethodWorker.java:125)
at org.testng.internal.TestMethodWorker.run(TestMethodWorker.java:109)
at org.testng.TestRunner.privateRun(TestRunner.java:648)
at org.testng.TestRunner.run(TestRunner.java:505)
at org.testng.SuiteRunner.runTest(SuiteRunner.java:455)
at org.testng.SuiteRunner.runSequentially(SuiteRunner.java:450)
at org.testng.SuiteRunner.privateRun(SuiteRunner.java:415)
at org.testng.SuiteRunner.run(SuiteRunner.java:364)
at org.testng.SuiteRunnerWorker.runSuite(SuiteRunnerWorker.java:52)
at org.testng.SuiteRunnerWorker.run(SuiteRunnerWorker.java:84)
at org.testng.TestNG.runSuitesSequentially(TestNG.java:1208)
at org.testng.TestNG.runSuitesLocally(TestNG.java:1137)
at org.testng.TestNG.runSuites(TestNG.java:1049)
at org.testng.TestNG.run(TestNG.java:1017)
at org.testng.remote.AbstractRemoteTestNG.run(AbstractRemoteTestNG.java:114)
at org.testng.remote.RemoteTestNG.initAndRun(RemoteTestNG.java:251)
at org.testng.remote.RemoteTestNG.main(RemoteTestNG.java:77)
]]>
            </full-stacktrace>
          </exception> <!-- org.openqa.selenium.WebDriverException -->
          <reporter-output>
          </reporter-output>
        </test-method> <!-- clickOnACheckBox -->
        <test-method is-config="true" signature="teardown()[pri:0, instance:com.cars.qa.testcases.SearchResultsPageTest@78fbff54]" started-at="2019-02-21T00:47:57Z" name="teardown" finished-at="2019-02-21T00:47:58Z" duration-ms="783" status="PASS">
          <reporter-output>
          </reporter-output>
        </test-method> <!-- teardown -->
      </class> <!-- com.cars.qa.testcases.SearchResultsPageTest -->
      <class name="com.cars.qa.testcases.HomepageTest">
        <test-method is-config="true" signature="setup()[pri:0, instance:com.cars.qa.testcases.HomepageTest@77a98a6a]" started-at="2019-02-21T00:46:21Z" name="setup" finished-at="2019-02-21T00:46:39Z" duration-ms="17493" status="PASS">
          <reporter-output>
          </reporter-output>
        </test-method> <!-- setup -->
        <test-method signature="homePageTitleTest()[pri:0, instance:com.cars.qa.testcases.HomepageTest@77a98a6a]" started-at="2019-02-21T00:46:39Z" name="homePageTitleTest" finished-at="2019-02-21T00:46:39Z" duration-ms="14" status="PASS">
          <reporter-output>
          </reporter-output>
        </test-method> <!-- homePageTitleTest -->
        <test-method is-config="true" signature="teardown()[pri:0, instance:com.cars.qa.testcases.HomepageTest@77a98a6a]" started-at="2019-02-21T00:46:39Z" name="teardown" finished-at="2019-02-21T00:46:39Z" duration-ms="817" status="PASS">
          <reporter-output>
          </reporter-output>
        </test-method> <!-- teardown -->
        <test-method is-config="true" signature="setup()[pri:0, instance:com.cars.qa.testcases.HomepageTest@77a98a6a]" started-at="2019-02-21T00:46:39Z" name="setup" finished-at="2019-02-21T00:46:56Z" duration-ms="16563" status="PASS">
          <reporter-output>
          </reporter-output>
        </test-method> <!-- setup -->
        <test-method signature="searchTest()[pri:0, instance:com.cars.qa.testcases.HomepageTest@77a98a6a]" started-at="2019-02-21T00:46:56Z" name="searchTest" finished-at="2019-02-21T00:47:07Z" duration-ms="10871" status="PASS">
          <reporter-output>
          </reporter-output>
        </test-method> <!-- searchTest -->
        <test-method is-config="true" signature="teardown()[pri:0, instance:com.cars.qa.testcases.HomepageTest@77a98a6a]" started-at="2019-02-21T00:47:07Z" name="teardown" finished-at="2019-02-21T00:47:08Z" duration-ms="675" status="PASS">
          <reporter-output>
          </reporter-output>
        </test-method> <!-- teardown -->
      </class> <!-- com.cars.qa.testcases.HomepageTest -->
    </test> <!-- CarsList -->
  </suite> <!-- Cars List -->
</testng-results>
