<?xml version="1.0" encoding="UTF-8"?>
<!-- Generated by org.testng.reporters.JUnitXMLReporter -->
<testsuite ignored="1" hostname="DESKTOP-SL4OV3D" failures="0" tests="4" name="com.cars.qa.testcases" time="85.764" errors="0" timestamp="20 Feb 2019 20:08:07 GMT">
  <testcase classname="com.cars.qa.testcases.HomepageTest" name="homePageTitleTest" time="0.297"/>
  <testcase classname="com.cars.qa.testcases.HomepageTest" name="searchTest" time="0.884"/>
  <testcase classname="com.cars.qa.testcases.SearchResultsPageTest" name="clickOnACheckBox" time="11.82"/>
  <testcase classname="com.cars.qa.testcases.SearchResultsPageTest" name="ValidateSecondSearchResultTest" time="23.786"/>
  <testcase classname="com.cars.qa.testcases.SearchResultsPageTest" name="SearchResultsPageTitleTest" time="0.0">
    <ignored/>
  </testcase> <!-- SearchResultsPageTitleTest -->
</testsuite> <!-- com.cars.qa.testcases -->
